Case #1: DentalOffice Microkitchen TechVendingMachine Harvest PopUpShop SonOfPingAndPong ConstitutionDeli Helpdesk TuringInDominoes FoxPainting ZucksOldOffice SweetStop MamaPennys LikeSign TransportationHub BlueBottle LivingTheDream CafeEpic WoodenSculpture FukiSushiInOldenDays FoxGazebo SwagStore Sol SaintFrank RainbowStairs BurgerShack ShuttlePlatform BahnAppetit Nanokitchen LightningBolts PhilzCoffee Ballpit HotfixBar ColdBrewMachine FakeCrosswalk VerveCoffee FreshOrangeJuice OculusDemoLab FullCircle MPK20Roof LateHarvest SugarShack WallOfPhones ChosHawkerCenter NailPolishRoomBlock
Case #2: Sol FoxGazebo HotfixBar PhilzCoffee NailPolishRoomBlock SaintFrank WoodenSculpture CafeEpic WallOfPhones HackerSquare BurgerShack DentalOffice ZucksOldOffice Nanokitchen ShuttlePlatform
Case #3: TransportationHub BahnAppetit MamaPennys BlueBottle FreshOrangeJuice Microkitchen BurgerShack CafeEpic ShuttlePlatform
Case #4: HotfixBar
Case #5: ZucksOldOffice ZucksOffice BlueBottle TransportationHub
Case #6: PhilzCoffee TransportationHub ShuttlePlatform FreshOrangeJuice FakeCrosswalk Sol OculusDemoLab Harvest BlueBottle LikeSign LateHarvest ZucksOffice WoodenSculpture FukiSushiInOldenDays TechVendingMachine VerveCoffee ChosHawkerCenter ColdBrewMachine Helpdesk FoxPainting PopUpShop BahnAppetit ConstitutionDeli TuringInDominoes SugarShack HalalTruck ZucksOldOffice LightningBolts RainbowStairs FoxGazebo Nanokitchen HackerSquare LivingTheDream Microkitchen MamaPennys BurgerShack DentalOffice BridgeClub
Case #7: LikeSign Arcade SwagStore
Case #8: MamaPennys SwagStore LightningBolts FullCircle PhilzCoffee Harvest HackerSquare TransportationHub ShuttlePlatform FoxGazebo NailPolishRoomBlock WallOfPhones BlueBottle PopUpShop LikeSign HotfixBar
Case #9: HackerSquare OculusDemoLab ZucksOldOffice FakeCrosswalk BridgeClub Harvest LateHarvest WoodenSculpture ZucksOffice Microkitchen LightningBolts Sol BlueBottle FullCircle SaintFrank SonOfPingAndPong PopUpShop LivingTheDream TransportationHub LikeSign Arcade BurgerShack ConstitutionDeli Nanokitchen ChosHawkerCenter SweetStop CafeEpic DentalOffice MamaPennys RainbowStairs FoxGazebo NailPolishRoomBlock
Case #10: LightningBolts VerveCoffee
Case #11: LivingTheDream ZucksOldOffice LightningBolts FukiSushiInOldenDays FreshOrangeJuice ZucksOffice FullCircle TechVendingMachine TransportationHub WallOfPhones MamaPennys
Case #12: HotfixBar RainbowStairs Sol SweetStop CafeEpic LivingTheDream ZucksOffice TuringInDominoes OculusDemoLab LightningBolts NailPolishRoomBlock DentalOffice Nanokitchen PhilzCoffee SwagStore BahnAppetit FreshOrangeJuice FoxGazebo VerveCoffee ShuttlePlatform FakeCrosswalk BurgerShack TransportationHub FukiSushiInOldenDays ColdBrewMachine PopUpShop SonOfPingAndPong Harvest BlueBottle ZucksOldOffice MPK20Roof ChosHawkerCenter TechVendingMachine SugarShack WoodenSculpture FoxPainting Arcade Helpdesk BridgeClub ConstitutionDeli Microkitchen SaintFrank HalalTruck LateHarvest LikeSign MamaPennys WallOfPhones
Case #13: SaintFrank Helpdesk ConstitutionDeli SweetStop Microkitchen LateHarvest MamaPennys PhilzCoffee Sol BlueBottle SonOfPingAndPong FullCircle
Case #14: SwagStore BahnAppetit Harvest BridgeClub ZucksOffice WallOfPhones TechVendingMachine LateHarvest Microkitchen Nanokitchen ZucksOldOffice NailPolishRoomBlock DentalOffice FoxPainting Arcade VerveCoffee BlueBottle ShuttlePlatform Sol SugarShack LightningBolts TuringInDominoes MPK20Roof WoodenSculpture FakeCrosswalk HotfixBar BurgerShack FreshOrangeJuice FoxGazebo LikeSign ChosHawkerCenter MamaPennys LivingTheDream PopUpShop FullCircle TransportationHub SweetStop RainbowStairs PhilzCoffee SaintFrank HackerSquare
Case #15: SweetStop
Case #16: HackerSquare SugarShack Harvest ConstitutionDeli BurgerShack WoodenSculpture FukiSushiInOldenDays TuringInDominoes ShuttlePlatform Sol SweetStop BridgeClub SonOfPingAndPong TransportationHub Helpdesk ZucksOldOffice Microkitchen FoxGazebo FullCircle
Case #17: VerveCoffee LightningBolts BlueBottle SwagStore
Case #18: NailPolishRoomBlock SonOfPingAndPong Helpdesk
Case #19: Nanokitchen PhilzCoffee SaintFrank VerveCoffee LivingTheDream FakeCrosswalk FoxGazebo LikeSign FreshOrangeJuice BurgerShack NailPolishRoomBlock SonOfPingAndPong FoxPainting PopUpShop RainbowStairs TransportationHub ColdBrewMachine ZucksOffice ZucksOldOffice BahnAppetit
Case #20: BlueBottle NailPolishRoomBlock HackerSquare WallOfPhones LateHarvest BridgeClub Harvest Microkitchen WoodenSculpture ConstitutionDeli LightningBolts DentalOffice FullCircle SugarShack LivingTheDream PopUpShop RainbowStairs ChosHawkerCenter HotfixBar PhilzCoffee ColdBrewMachine ShuttlePlatform MPK20Roof Arcade CafeEpic SweetStop VerveCoffee SwagStore ZucksOffice FukiSushiInOldenDays TransportationHub HalalTruck Sol TechVendingMachine
Case #21: FreshOrangeJuice ColdBrewMachine OculusDemoLab ZucksOffice FoxPainting Ballpit WoodenSculpture VerveCoffee BlueBottle HackerSquare LikeSign
Case #22: BahnAppetit LightningBolts FakeCrosswalk SwagStore HotfixBar VerveCoffee FukiSushiInOldenDays ColdBrewMachine PopUpShop LikeSign WallOfPhones BlueBottle TechVendingMachine FullCircle Arcade
Case #23: WoodenSculpture MPK20Roof Harvest Nanokitchen
Case #24: ZucksOldOffice ChosHawkerCenter Harvest SonOfPingAndPong Nanokitchen TuringInDominoes HotfixBar MPK20Roof FoxGazebo Arcade HackerSquare Ballpit FukiSushiInOldenDays SugarShack CafeEpic Helpdesk ColdBrewMachine
Case #25: WallOfPhones RainbowStairs HackerSquare NailPolishRoomBlock DentalOffice ConstitutionDeli Harvest LivingTheDream BridgeClub Nanokitchen HalalTruck LightningBolts BurgerShack SonOfPingAndPong OculusDemoLab VerveCoffee ShuttlePlatform ZucksOffice TechVendingMachine TuringInDominoes LateHarvest Microkitchen
Case #26: OculusDemoLab Nanokitchen MPK20Roof CafeEpic LivingTheDream TuringInDominoes BurgerShack DentalOffice NailPolishRoomBlock Sol Harvest SonOfPingAndPong SwagStore FakeCrosswalk FoxGazebo TechVendingMachine FullCircle ZucksOldOffice ConstitutionDeli SugarShack PopUpShop FukiSushiInOldenDays ZucksOffice FoxPainting BlueBottle SweetStop MamaPennys RainbowStairs WallOfPhones LightningBolts SaintFrank ShuttlePlatform ChosHawkerCenter Arcade TransportationHub HackerSquare WoodenSculpture PhilzCoffee Microkitchen BahnAppetit
Case #27: ZucksOffice Sol HalalTruck Nanokitchen ConstitutionDeli TechVendingMachine ShuttlePlatform ColdBrewMachine BurgerShack Microkitchen Ballpit DentalOffice OculusDemoLab
Case #28: PhilzCoffee NailPolishRoomBlock FukiSushiInOldenDays ColdBrewMachine
Case #29: FukiSushiInOldenDays ColdBrewMachine FreshOrangeJuice CafeEpic SwagStore Helpdesk FullCircle MamaPennys BahnAppetit LateHarvest Harvest
Case #30: ZucksOffice ChosHawkerCenter LivingTheDream FullCircle SaintFrank RainbowStairs MamaPennys ConstitutionDeli SugarShack TuringInDominoes MPK20Roof BridgeClub LightningBolts WallOfPhones FreshOrangeJuice SweetStop Nanokitchen Ballpit Sol LikeSign TransportationHub SonOfPingAndPong OculusDemoLab
Case #31: Harvest TechVendingMachine FreshOrangeJuice LightningBolts Sol DentalOffice
Case #32: Nanokitchen MPK20Roof BlueBottle Microkitchen BridgeClub ConstitutionDeli TechVendingMachine FukiSushiInOldenDays WallOfPhones SweetStop BurgerShack LikeSign Helpdesk OculusDemoLab HackerSquare MamaPennys PopUpShop ZucksOldOffice PhilzCoffee FullCircle NailPolishRoomBlock ChosHawkerCenter SwagStore
Case #33: LivingTheDream Harvest PhilzCoffee MamaPennys
Case #34: BahnAppetit HackerSquare ZucksOffice Arcade FoxPainting NailPolishRoomBlock SonOfPingAndPong BlueBottle FreshOrangeJuice Helpdesk DentalOffice MamaPennys MPK20Roof Ballpit SweetStop TechVendingMachine ChosHawkerCenter LivingTheDream FullCircle SaintFrank CafeEpic PopUpShop ShuttlePlatform WoodenSculpture SugarShack TransportationHub PhilzCoffee LikeSign
Case #35: MPK20Roof ShuttlePlatform Sol TuringInDominoes FoxPainting WoodenSculpture Harvest Microkitchen SwagStore ZucksOffice BurgerShack Arcade
Case #36: OculusDemoLab Ballpit ZucksOffice VerveCoffee SugarShack SaintFrank FoxGazebo RainbowStairs Nanokitchen TransportationHub LightningBolts BlueBottle BurgerShack WallOfPhones ConstitutionDeli MPK20Roof ChosHawkerCenter HalalTruck WoodenSculpture MamaPennys PopUpShop CafeEpic LivingTheDream LateHarvest FukiSushiInOldenDays FoxPainting
Case #37: HackerSquare VerveCoffee HalalTruck ConstitutionDeli SugarShack PopUpShop Sol PhilzCoffee ShuttlePlatform BurgerShack LikeSign BlueBottle RainbowStairs LateHarvest Microkitchen ZucksOldOffice ZucksOffice SaintFrank TransportationHub FakeCrosswalk WallOfPhones SweetStop Harvest DentalOffice Ballpit LightningBolts FukiSushiInOldenDays SonOfPingAndPong WoodenSculpture TechVendingMachine HotfixBar ColdBrewMachine FoxGazebo
Case #38: TuringInDominoes SonOfPingAndPong
Case #39: TransportationHub SonOfPingAndPong
Case #40: ShuttlePlatform BridgeClub Microkitchen BlueBottle LightningBolts OculusDemoLab NailPolishRoomBlock SweetStop LikeSign ZucksOffice FullCircle HotfixBar SaintFrank LivingTheDream Helpdesk MPK20Roof Arcade ColdBrewMachine Sol WallOfPhones FoxPainting RainbowStairs DentalOffice FakeCrosswalk PhilzCoffee TuringInDominoes PopUpShop
Case #41: SugarShack SweetStop ConstitutionDeli BlueBottle TransportationHub Helpdesk SonOfPingAndPong FakeCrosswalk FoxGazebo MamaPennys TechVendingMachine VerveCoffee LightningBolts Nanokitchen FukiSushiInOldenDays OculusDemoLab PopUpShop Harvest Ballpit MPK20Roof RainbowStairs TuringInDominoes ChosHawkerCenter DentalOffice FoxPainting
Case #42: MamaPennys FakeCrosswalk DentalOffice NailPolishRoomBlock HotfixBar Harvest ShuttlePlatform ConstitutionDeli BlueBottle BridgeClub LateHarvest VerveCoffee SweetStop HalalTruck SwagStore FreshOrangeJuice ZucksOldOffice FukiSushiInOldenDays CafeEpic SaintFrank Arcade MPK20Roof FoxPainting SugarShack ZucksOffice FullCircle LivingTheDream Helpdesk WallOfPhones RainbowStairs
Case #43: SaintFrank SonOfPingAndPong WallOfPhones SweetStop VerveCoffee WoodenSculpture Nanokitchen
Case #44: ColdBrewMachine
Case #45: FoxGazebo MPK20Roof WoodenSculpture Biryani
Case #46: PopUpShop PhilzCoffee MPK20Roof LightningBolts ChosHawkerCenter Microkitchen CafeEpic BlueBottle ZucksOffice BridgeClub Ballpit VerveCoffee ColdBrewMachine WoodenSculpture
Case #47: FullCircle Sol MPK20Roof Arcade FoxPainting HotfixBar
Case #48: ShuttlePlatform
Case #49: ChosHawkerCenter FukiSushiInOldenDays HalalTruck TransportationHub LivingTheDream RainbowStairs ColdBrewMachine TechVendingMachine SugarShack
Case #50: SaintFrank OculusDemoLab LikeSign DentalOffice FakeCrosswalk
Case #51: PopUpShop
Case #52: WallOfPhones
Case #53: BridgeClub WoodenSculpture DentalOffice FukiSushiInOldenDays BahnAppetit Nanokitchen LivingTheDream TuringInDominoes ShuttlePlatform ZucksOffice TechVendingMachine
Case #54: DentalOffice BahnAppetit WoodenSculpture LateHarvest BurgerShack ConstitutionDeli FoxGazebo VerveCoffee SweetStop
Case #55: PopUpShop FoxPainting LateHarvest TuringInDominoes BurgerShack LivingTheDream ChosHawkerCenter SugarShack BahnAppetit ColdBrewMachine Ballpit
Case #56: Sol Helpdesk PhilzCoffee OculusDemoLab VerveCoffee LateHarvest Ballpit SweetStop DentalOffice NailPolishRoomBlock SwagStore BurgerShack SonOfPingAndPong MamaPennys ColdBrewMachine ConstitutionDeli FullCircle Nanokitchen ShuttlePlatform CafeEpic Microkitchen TuringInDominoes MPK20Roof SaintFrank Harvest LikeSign ZucksOffice ChosHawkerCenter WoodenSculpture SugarShack WallOfPhones HotfixBar FoxPainting
Case #57: Arcade ConstitutionDeli HotfixBar
Case #58: SonOfPingAndPong
Case #59: SwagStore CafeEpic FreshOrangeJuice FullCircle WallOfPhones TuringInDominoes HalalTruck
Case #60: Helpdesk ChosHawkerCenter SugarShack BlueBottle LivingTheDream
Case #61: ChosHawkerCenter BlueBottle FukiSushiInOldenDays ZucksOldOffice LateHarvest WallOfPhones VerveCoffee ConstitutionDeli PopUpShop TechVendingMachine ZucksOffice ShuttlePlatform RainbowStairs FoxPainting MPK20Roof SwagStore Microkitchen BridgeClub ColdBrewMachine WoodenSculpture OculusDemoLab Harvest HackerSquare Sol SugarShack BurgerShack FreshOrangeJuice
Case #62: ShuttlePlatform TechVendingMachine CafeEpic ConstitutionDeli MPK20Roof BlueBottle TuringInDominoes FukiSushiInOldenDays Nanokitchen LightningBolts FreshOrangeJuice
Case #63: PhilzCoffee HalalTruck Ballpit LivingTheDream SweetStop BridgeClub Nanokitchen SwagStore WallOfPhones SonOfPingAndPong Arcade ZucksOffice FakeCrosswalk
Case #64: Ballpit Helpdesk NailPolishRoomBlock MPK20Roof FullCircle TuringInDominoes BlueBottle OculusDemoLab HackerSquare LivingTheDream FakeCrosswalk FreshOrangeJuice PhilzCoffee FukiSushiInOldenDays Nanokitchen BridgeClub WallOfPhones LateHarvest ConstitutionDeli LikeSign VerveCoffee Microkitchen DentalOffice Sol ChosHawkerCenter TransportationHub ZucksOffice RainbowStairs HotfixBar SonOfPingAndPong BurgerShack PopUpShop Harvest LightningBolts TechVendingMachine HalalTruck
Case #65: Harvest TechVendingMachine
Case #66: TuringInDominoes LivingTheDream HackerSquare WoodenSculpture
Case #67: SaintFrank BlueBottle TransportationHub DentalOffice ColdBrewMachine MamaPennys
Case #68: TransportationHub Ballpit RainbowStairs SwagStore BridgeClub ZucksOffice
Case #69: VerveCoffee FullCircle LikeSign
Case #70: FoxPainting BahnAppetit SweetStop LightningBolts ChosHawkerCenter ZucksOldOffice
Case #71: WoodenSculpture SwagStore HotfixBar HalalTruck MPK20Roof MamaPennys SugarShack ConstitutionDeli
Case #72: BridgeClub LivingTheDream SaintFrank ZucksOldOffice
Case #73: RainbowStairs WallOfPhones FoxGazebo Helpdesk Arcade Harvest NailPolishRoomBlock FullCircle PopUpShop OculusDemoLab SaintFrank MamaPennys Sol FoxPainting HalalTruck LateHarvest FakeCrosswalk SugarShack BlueBottle SweetStop TuringInDominoes CafeEpic LivingTheDream DentalOffice ZucksOffice SonOfPingAndPong Nanokitchen ColdBrewMachine MPK20Roof WoodenSculpture PhilzCoffee BahnAppetit SwagStore FreshOrangeJuice ConstitutionDeli ShuttlePlatform LightningBolts ZucksOldOffice LikeSign TechVendingMachine Ballpit
Case #74: LikeSign SweetStop SwagStore
Case #75: WoodenSculpture
Case #76: FullCircle FukiSushiInOldenDays WallOfPhones NailPolishRoomBlock Ballpit
Case #77: CafeEpic SonOfPingAndPong SweetStop
Case #78: LikeSign Arcade SweetStop
Case #79: BahnAppetit SaintFrank PopUpShop ColdBrewMachine BridgeClub
Case #80: WallOfPhones Nanokitchen MamaPennys HalalTruck TransportationHub
